[2022-08-15T21:31:27.559] [WARN] default - Ruta /failLogin con el metodo POST no implementada!
[2022-08-15T21:35:04.220] [WARN] default - Ruta /failRegister con el metodo POST no implementada!
[2022-08-15T21:35:30.785] [WARN] default - Ruta /failLogin con el metodo POST no implementada!
[2022-08-15T21:36:08.498] [WARN] default - Ruta /login con el metodo POST no implementada!
[2022-08-15T21:36:20.265] [WARN] default - Ruta /failLogin con el metodo POST no implementada!
[2022-08-15T21:39:06.968] [WARN] default - Ruta /api/session/logout con el metodo POST no implementada!
[2022-08-15T21:39:15.247] [WARN] default - Ruta /login con el metodo GET no implementada!
[2022-08-15T21:39:30.943] [WARN] default - Ruta /failLogin con el metodo POST no implementada!
[2022-08-15T21:39:55.312] [WARN] default - Ruta /failLogin con el metodo POST no implementada!
[2022-08-15T21:42:27.416] [WARN] default - Ruta /failLogin con el metodo POST no implementada!
[2022-08-15T21:47:52.426] [WARN] default - Ruta /failLogin con el metodo POST no implementada!
[2022-08-15T21:54:06.945] [WARN] default - Ruta / con el metodo POST no implementada!
[2022-08-15T22:12:46.471] [WARN] default - Ruta /api/session/login con el metodo POST no implementada!
[2022-08-15T22:14:37.262] [WARN] default - Ruta /login con el metodo GET no implementada!
[2022-08-15T22:15:44.794] [WARN] default - Ruta /api/session/login con el metodo POST no implementada!
[2022-08-15T22:19:52.281] [WARN] default - Ruta /api/session/logout con el metodo POST no implementada!
[2022-08-15T22:20:33.434] [WARN] default - Ruta /login con el metodo GET no implementada!
[2022-08-15T22:23:15.783] [WARN] default - Ruta /login con el metodo GET no implementada!
[2022-08-15T22:23:23.950] [WARN] default - Ruta /api/session/logout con el metodo POST no implementada!
[2022-08-15T22:23:52.968] [WARN] default - Ruta /api/session/login con el metodo POST no implementada!
[2022-08-15T22:25:27.586] [WARN] default - Ruta /api/session/login con el metodo POST no implementada!
[2022-08-15T22:28:42.456] [WARN] default - Ruta /api/session/login con el metodo POST no implementada!
[2022-08-15T22:28:58.427] [WARN] default - Ruta / con el metodo POST no implementada!
[2022-08-15T22:29:22.546] [WARN] default - Ruta /login con el metodo GET no implementada!
[2022-08-15T22:33:26.678] [WARN] default - Ruta /login con el metodo GET no implementada!
[2022-08-15T22:33:31.368] [WARN] default - Ruta /api/session/logout con el metodo POST no implementada!
[2022-08-15T22:41:44.571] [WARN] default - Ruta /api/session/login con el metodo POST no implementada!
[2022-08-15T22:43:23.737] [WARN] default - Ruta /api/session/login con el metodo POST no implementada!
[2022-08-15T22:45:20.126] [WARN] default - Ruta /api/session/login con el metodo POST no implementada!
[2022-08-15T22:49:07.802] [WARN] default - Ruta /api/session/login con el metodo POST no implementada!
[2022-08-15T22:54:05.764] [WARN] default - Ruta /api/session/registro con el metodo POST no implementada!
[2022-08-15T22:54:31.640] [WARN] default - Ruta /failRegister con el metodo POST no implementada!
[2022-08-16T16:39:03.864] [WARN] default - Ruta /api/session/login con el metodo GET no implementada!
[2022-08-16T16:40:43.039] [WARN] default - Ruta /api/session/login con el metodo GET no implementada!
[2022-08-16T16:41:21.605] [WARN] default - Ruta /api/session/login con el metodo GET no implementada!
[2022-08-16T16:41:42.748] [WARN] default - Ruta /login con el metodo GET no implementada!
[2022-08-16T16:41:52.574] [WARN] default - Ruta /api/session/login con el metodo GET no implementada!
[2022-08-16T16:44:56.006] [WARN] default - Ruta /api/session/login con el metodo GET no implementada!
[2022-08-16T17:41:49.256] [WARN] default - Ruta /api/session/logout con el metodo POST no implementada!
[2022-08-16T17:41:55.657] [WARN] default - Ruta /login con el metodo GET no implementada!
[2022-08-16T17:43:11.375] [WARN] default - Ruta /api/session/login con el metodo GET no implementada!
[2022-08-16T19:15:52.427] [INFO] default - Se a creado un nuevo carrito con id: 62fc1718124a9a90031cd593
[2022-08-16T19:18:31.535] [INFO] default - Se a creado un nuevo carrito con id: 62fc17b7dc51abfd1d9c7a2a
[2022-08-16T19:20:36.992] [INFO] default - Se a creado un nuevo carrito con id: 62fc18349217463c5aa6fe56
[2022-08-16T19:35:36.913] [INFO] default - Se a creado un nuevo carrito con id: 62fc1bb874ef028d80dd8efe
[2022-08-16T19:38:39.634] [INFO] default - Se a creado un nuevo carrito con id: 62fc1c6f9cc4b241d0ea0a24
[2022-08-16T19:39:51.349] [INFO] default - Se a creado un nuevo carrito con id: 62fc1cb7564df8fb1cd0d1d2
[2022-08-16T19:40:32.915] [INFO] default - Se a creado un nuevo carrito con id: 62fc1ce0995564a2b501bf70
[2022-08-16T19:41:09.446] [INFO] default - Se a creado un nuevo carrito con id: 62fc1d0584286228f3be9b78
[2022-08-16T19:42:12.944] [INFO] default - Se a creado un nuevo carrito con id: 62fc1d44c3948312ac8d34e5
[2022-08-16T21:10:30.578] [WARN] default - Ruta /api/carrito/productos/62ae055972479b3c5d3fa270 con el metodo POST no implementada!
[2022-08-16T21:10:53.437] [INFO] default - Se agrego el producto 62ae055972479b3c5d3fa270 al carrito 62fc1718124a9a90031cd593
[2022-08-16T21:11:14.628] [WARN] default - Ruta /api/session/logout con el metodo POST no implementada!
[2022-08-16T21:11:20.052] [WARN] default - Ruta /login con el metodo GET no implementada!
[2022-08-16T21:12:54.966] [INFO] default - Se agrego el producto 62ae055972479b3c5d3fa270 al carrito 62fc1d44c3948312ac8d34e5
[2022-08-16T21:21:46.363] [WARN] default - Ruta /api/carrito/productos/ con el metodo DELETE no implementada!
[2022-08-16T21:22:17.250] [INFO] default - El carrito 62fc1d44c3948312ac8d34e5 se a vaciado con exito
[2022-08-17T11:15:55.209] [INFO] default - Se a creado un nuevo carrito con id: 62fcf81b497ff47c17d76b0d
[2022-08-17T11:16:57.609] [INFO] default - Se a creado un nuevo carrito con id: 62fcf859497ff47c17d76b0e
[2022-08-17T12:33:04.523] [WARN] default - Ruta /api/session/ChangeUserRol con el metodo GET no implementada!
[2022-08-17T12:33:53.209] [WARN] default - Ruta /api/session/logout con el metodo POST no implementada!
[2022-08-17T12:33:59.022] [WARN] default - Ruta /login con el metodo GET no implementada!
[2022-08-17T12:35:29.637] [INFO] default - Usaurio 62fb0186c11fa58d8cfab840 cambio los privilegios del usuairo 62fc1d45c3948312ac8d34e6 a admin
[2022-08-17T12:39:18.847] [INFO] default - Usaurio 62fb0186c11fa58d8cfab840 cambio los privilegios del usuairo 62fc1d45c3948312ac8d34e6 a admin
[2022-08-17T12:40:29.208] [INFO] default - Usaurio 62fb0186c11fa58d8cfab840 cambio los privilegios del usuairo 62fc1d45c3948312ac8d34e6 a costumer
[2022-08-17T12:49:13.020] [WARN] default - Ruta /api/session/login con el metodo POST no implementada!
[2022-08-17T12:49:25.379] [WARN] default - Ruta /api/session/login con el metodo POST no implementada!
[2022-08-17T17:34:35.883] [WARN] default - Ruta /api/carrito/ con el metodo GET no implementada!
